make.exe all --print-data-base --no-builtin-variables --no-builtin-rules --question
# GNU Make 3.81
# Copyright (C) 2006  Free Software Foundation, Inc.
# This is free software; see the source for copying conditions.
# There is NO warranty; not even for MERCHANTABILITY or FITNESS FOR A
# PARTICULAR PURPOSE.

# This program built for i686-pc-msys

# Make data base, printed on Tue Aug  3 12:05:33 2021

# Variables

# automatic
<D = $(patsubst %/,%,$(dir $<))
# automatic
?F = $(notdir $?)
# makefile (from `Makefile', line 5)
SRC := src
# makefile
MAKEFLAGS = Rrqp
# environment
VSCODE_LOG_NATIVE = false
# automatic
?D = $(patsubst %/,%,$(dir $?))
# automatic
@D = $(patsubst %/,%,$(dir $@))
# environment
HOMEDRIVE = C:
# automatic
@F = $(notdir $@)
# automatic
^D = $(patsubst %/,%,$(dir $^))
# makefile
CURDIR := /d/AI For School/AI-for-school
# default
SHELL := /bin/sh
# makefile (from `Makefile', line 4)
BIN := bin
# environment
WINDIR = C:\WINDOWS
# environment
VSCODE_NLS_CONFIG = {"locale":"en-us","availableLanguages":{},"_languagePackSupport":true}
# environment
ONEDRIVE = C:\Users\bbisw\OneDrive - iitkgp.ac.in
# environment
PATHEXT = .COM;.EXE;.BAT;.CMD;.VBS;.VBE;.JS;.JSE;.WSF;.WSH;.MSC
# makefile (from `Makefile', line 1)
MAKEFILE_LIST :=  Makefile
# environment
FPS_BROWSER_USER_PROFILE_STRING = Default
# environment
TMP = /tmp
# environment
VSCODE_VERBOSE_LOGGING = true
# environment
PROGRAMW6432 = C:\Program Files
# environment
PROGRAMDATA = C:\ProgramData
# environment
VSCODE_IPC_HOOK_EXTHOST = \\.\pipe\vscode-ipc-678696a8-e291-426e-9d7f-c666761a1097-sock
# environment
VSCODE_CWD = C:\Users\bbisw\AppData\Local\Programs\Microsoft VS Code
# environment
PATH = /c/WINDOWS/system32:/c/WINDOWS:/c/WINDOWS/System32/Wbem:/c/WINDOWS/System32/WindowsPowerShell/v1.0/:/c/WINDOWS/System32/OpenSSH/:/mingw/bin:/c/Program Files/Git/cmd:/c/Program Files/MATLAB/R2021a/bin:/c/Users/bbisw/AppData/Local/Programs/Python/Python39:/usr/bin/:/c/Program Files/nodejs/:/c/Users/bbisw/AppData/Local/Microsoft/WindowsApps:/c/Users/bbisw/AppData/Local/Programs/Microsoft VS Code/bin:/c/Program Files/Android/Android Studio/jre/bin:/c/Users/bbisw/AppData/Roaming/npm
# environment
COMMONPROGRAMW6432 = C:\Program Files\Common Files
# environment
PROCESSOR_ARCHITECTURE = x86
# environment
USERPROFILE = C:\Users\bbisw
# environment
ALLUSERSPROFILE = C:\ProgramData
# environment
VSCODE_LOG_STACK = false
# environment
NUMBER_OF_PROCESSORS = 4
# environment
ELECTRON_RUN_AS_NODE = 1
# default
.FEATURES := target-specific order-only second-expansion else-if archives jobserver check-symlink
# automatic
%F = $(notdir $%)
# environment
CHROME_CRASHPAD_PIPE_NAME = \\.\pipe\crashpad_200_QFGLILUCOIPSMULF
# environment
VSCODE_PIPE_LOGGING = true
# environment
COMPUTERNAME = BBISWABASU-ROY
# environment
PROGRAMFILES = C:\Program Files (x86)
# environment
DRIVERDATA = C:\Windows\System32\Drivers\DriverData
# environment
ORIGINAL_XDG_CURRENT_DESKTOP = undefined
# environment
USERNAME = Bbiswabasu Roy
# environment
PUBLIC = C:\Users\Public
# environment
VSCODE_AMD_ENTRYPOINT = vs/workbench/services/extensions/node/extensionHostProcess
# environment
VSCODE_CODE_CACHE_PATH = C:\Users\bbisw\AppData\Roaming\Code\CachedData\c3f126316369cd610563c75b1b1725e0679adfb3
# environment
APPLICATION_INSIGHTS_NO_DIAGNOSTIC_CHANNEL = true
# environment
COMMONPROGRAMFILES = C:\Program Files (x86)\Common Files
# environment
LOGONSERVER = \\BBISWABASU-ROY
# environment
ONEDRIVECONSUMER = C:\Users\bbisw\OneDrive
# environment
VSCODE_HANDLES_UNCAUGHT_ERRORS = true
# environment
USERDOMAIN = BBISWABASU-ROY
# default
MAKE = $(MAKE_COMMAND)
# default
MAKECMDGOALS := all
# environment
!D: = d:\AI For School\AI-for-school
# makefile (from `Makefile', line 2)
CXX_FLAGS := -std=c++17 -ggdb
# environment
ONEDRIVECOMMERCIAL = C:\Users\bbisw\OneDrive - iitkgp.ac.in
# default
MAKE_VERSION := 3.81
# makefile
.DEFAULT_GOAL := all
# makefile (from `Makefile', line 6)
INCLUDE := include
# environment
PROGRAMFILES(X86) = C:\Program Files (x86)
# automatic
%D = $(patsubst %/,%,$(dir $%))
# environment
LOCALAPPDATA = C:\Users\bbisw\AppData\Local
# environment
PSMODULEPATH = C:\Program Files\WindowsPowerShell\Modules;C:\WINDOWS\system32\WindowsPowerShell\v1.0\Modules
# default
MAKE_COMMAND := "make.exe"
# environment
PROCESSOR_ARCHITEW6432 = AMD64
# default
.VARIABLES := 
# automatic
*F = $(notdir $*)
# environment
PROCESSOR_IDENTIFIER = Intel64 Family 6 Model 61 Stepping 4, GenuineIntel
# environment
OS = Windows_NT
# environment
VSCODE_IPC_HOOK = \\.\pipe\acff069d35382a61546647daa1a3403f-1.58.2-main-sock
# environment
HOMEPATH = \
# environment
COMMONPROGRAMFILES(X86) = C:\Program Files (x86)\Common Files
# environment
PROMPT = $P$G
# environment
MFLAGS = -Rrqp
# automatic
*D = $(patsubst %/,%,$(dir $*))
# environment
SYSTEMROOT = C:\WINDOWS
# automatic
+D = $(patsubst %/,%,$(dir $+))
# automatic
+F = $(notdir $+)
# environment
APPDATA = C:\Users\bbisw\AppData\Roaming
# environment
TEMP = /tmp
# environment
COMSPEC = C:\WINDOWS\system32\cmd.exe
# default
MAKEFILES := 
# environment
VSCODE_BROWSER_CODE_LOADING = bypassHeatCheck
# automatic
<F = $(notdir $<)
# makefile (from `Makefile', line 9)
EXECUTABLE := main
# makefile (from `Makefile', line 1)
CXX := g++
# environment
LC_ALL = C
# makefile (from `Makefile', line 8)
LIBRARIES := 
# automatic
^F = $(notdir $^)
# default
SUFFIXES := 
# environment
SYSTEMDRIVE = C:
# environment
SESSIONNAME = Console
# environment
PROCESSOR_REVISION = 3d04
# default
.INCLUDE_DIRS = /usr/include /usr/include
# environment
MAKELEVEL := 0
# environment
LANG = C
# environment
PROCESSOR_LEVEL = 6
# environment
TERM = cygwin
# environment
FPS_BROWSER_APP_PROFILE_STRING = Internet Explorer
# environment
VSCODE_PID = 200
# environment
USERDOMAIN_ROAMINGPROFILE = BBISWABASU-ROY
# variable set hash-table stats:
# Load=101/1024=10%, Rehash=0, Collisions=11/138=8%

# Pattern-specific Variable Values

# No pattern-specific variable values.

# Directories

# src/Tree_games (device -21089, inode 131689): 9 files, no impossibilities.
# . (device -21089, inode 131611): 13 files, no impossibilities.
# src/Concept_Graph (device -21089, inode 131688): 5 files, no impossibilities.
# src/Truth_table (device -21089, inode 278409): 3 files, no impossibilities.
# src/BDD (device -21089, inode 328731): 4 files, no impossibilities.
# src/Crossword_games (device -21089, inode 328524): 11 files, no impossibilities.
# src/main.cpp (device -21089, inode 394584): could not be opened.

# 45 files, no impossibilities in 7 directories.

# Implicit Rules

# No implicit rules.

# Files

# Not a target:
src/Crossword_games/find_crossword_nodes.cpp:
#  Implicit rule search has been done.
#  Last modified 2021-07-26 11:34:56
#  File has been updated.
#  Successfully updated.
# variable set hash-table stats:
# Load=0/32=0%, Rehash=0, Collisions=0/0=0%

all: bin/main
#  Command-line target.
#  Implicit rule search has been done.
#  File does not exist.
#  File has been updated.
#  Needs to be updated (-q is set).
# variable set hash-table stats:
# Load=0/32=0%, Rehash=0, Collisions=0/6=0%

# Not a target:
src/Tree_games/match_expression_with_node.cpp:
#  Implicit rule search has been done.
#  Last modified 2021-07-29 20:20:47
#  File has been updated.
#  Successfully updated.
# variable set hash-table stats:
# Load=0/32=0%, Rehash=0, Collisions=0/0=0%

# Not a target:
src/Tree_games/write_expression.cpp:
#  Implicit rule search has been done.
#  Last modified 2021-07-29 16:21:40
#  File has been updated.
#  Successfully updated.
# variable set hash-table stats:
# Load=0/32=0%, Rehash=0, Collisions=0/0=0%

# Not a target:
src/Tree_games/dag_generator.cpp:
#  Implicit rule search has been done.
#  Last modified 2021-08-02 21:57:55
#  File has been updated.
#  Successfully updated.
# variable set hash-table stats:
# Load=0/32=0%, Rehash=0, Collisions=0/0=0%

# Not a target:
.SUFFIXES:
#  Implicit rule search has not been done.
#  Modification time never checked.
#  File has not been updated.

# Not a target:
Makefile:
#  Implicit rule search has been done.
#  Last modified 2021-08-02 22:02:07
#  File has been updated.
#  Successfully updated.
# variable set hash-table stats:
# Load=0/32=0%, Rehash=0, Collisions=0/0=0%

# Not a target:
src/Tree_games/tree_game_menu.cpp:
#  Implicit rule search has been done.
#  Last modified 2021-07-29 19:05:44
#  File has been updated.
#  Successfully updated.
# variable set hash-table stats:
# Load=0/32=0%, Rehash=0, Collisions=0/0=0%

# Not a target:
src/Crossword_games/arc_consistency.cpp:
#  Implicit rule search has been done.
#  Last modified 2021-07-26 11:14:24
#  File has been updated.
#  Successfully updated.
# variable set hash-table stats:
# Load=0/32=0%, Rehash=0, Collisions=0/0=0%

# Not a target:
src/Concept_Graph/concept_graph.cpp:
#  Implicit rule search has been done.
#  Last modified 2021-07-26 11:43:03
#  File has been updated.
#  Successfully updated.
# variable set hash-table stats:
# Load=0/32=0%, Rehash=0, Collisions=0/0=0%

# Not a target:
src/Crossword_games/more_constraint_node.cpp:
#  Implicit rule search has been done.
#  Last modified 2021-07-26 11:38:01
#  File has been updated.
#  Successfully updated.
# variable set hash-table stats:
# Load=0/32=0%, Rehash=0, Collisions=0/0=0%

# Not a target:
src/Crossword_games/crossword_generator.cpp:
#  Implicit rule search has been done.
#  Last modified 2021-08-03 11:56:14
#  File has been updated.
#  Successfully updated.
# variable set hash-table stats:
# Load=0/32=0%, Rehash=0, Collisions=0/0=0%

# Not a target:
src/Tree_games/fill_missing_operators.cpp:
#  Implicit rule search has been done.
#  Last modified 2021-07-26 10:51:02
#  File has been updated.
#  Successfully updated.
# variable set hash-table stats:
# Load=0/32=0%, Rehash=0, Collisions=0/0=0%

# Not a target:
src/Tree_games/make_tautology.cpp:
#  Implicit rule search has been done.
#  Last modified 2021-07-26 10:45:38
#  File has been updated.
#  Successfully updated.
# variable set hash-table stats:
# Load=0/32=0%, Rehash=0, Collisions=0/0=0%

# Not a target:
.DEFAULT:
#  Implicit rule search has not been done.
#  Modification time never checked.
#  File has not been updated.

# Not a target:
src/BDD/bddToDot.cpp:
#  Implicit rule search has been done.
#  Last modified 2021-07-04 09:58:22
#  File has been updated.
#  Successfully updated.
# variable set hash-table stats:
# Load=0/32=0%, Rehash=0, Collisions=0/0=0%

run: clean all
#  Implicit rule search has not been done.
#  Modification time never checked.
#  File has not been updated.
#  commands to execute (from `Makefile', line 15):
	clear
	./$(BIN)/$(EXECUTABLE)
	

clean:
#  Implicit rule search has not been done.
#  Modification time never checked.
#  File has not been updated.
#  commands to execute (from `Makefile', line 22):
	-rm $(BIN)/*
	

# Not a target:
src/Crossword_games/crossword_game_menu.cpp:
#  Implicit rule search has been done.
#  Last modified 2021-07-29 19:05:50
#  File has been updated.
#  Successfully updated.
# variable set hash-table stats:
# Load=0/32=0%, Rehash=0, Collisions=0/0=0%

# Not a target:
src/Crossword_games/crossword_backtracking_tree.cpp:
#  Implicit rule search has been done.
#  Last modified 2021-07-26 11:16:38
#  File has been updated.
#  Successfully updated.
# variable set hash-table stats:
# Load=0/32=0%, Rehash=0, Collisions=0/0=0%

# Not a target:
src/Tree_games/expression_evaluation.cpp:
#  Implicit rule search has been done.
#  Last modified 2021-07-31 10:01:21
#  File has been updated.
#  Successfully updated.
# variable set hash-table stats:
# Load=0/32=0%, Rehash=0, Collisions=0/0=0%

# Not a target:
src/main.cpp:
#  Implicit rule search has been done.
#  Last modified 2021-07-23 10:14:43
#  File has been updated.
#  Successfully updated.
# variable set hash-table stats:
# Load=0/32=0%, Rehash=0, Collisions=0/0=0%

# Not a target:
src/Crossword_games/CSPify.cpp:
#  Implicit rule search has been done.
#  Last modified 2021-07-26 11:28:45
#  File has been updated.
#  Successfully updated.
# variable set hash-table stats:
# Load=0/32=0%, Rehash=0, Collisions=0/0=0%

bin/main: src/BDD/bddObj.cpp src/BDD/bddToDot.cpp src/Concept_Graph/concept_graph.cpp src/Crossword_games/CSPify.cpp src/Crossword_games/arc_consistency.cpp src/Crossword_games/crossword_backtracking_tree.cpp src/Crossword_games/crossword_game_menu.cpp src/Crossword_games/crossword_generator.cpp src/Crossword_games/draw_crossword_graph.cpp src/Crossword_games/find_crossword_nodes.cpp src/Crossword_games/find_missing_arc.cpp src/Crossword_games/more_constraint_node.cpp src/Tree_games/dag_generator.cpp src/Tree_games/expression_evaluation.cpp src/Tree_games/fill_missing_operators.cpp src/Tree_games/make_tautology.cpp src/Tree_games/match_expression_with_node.cpp src/Tree_games/tree_game_menu.cpp src/Tree_games/write_expression.cpp src/Truth_table/truth_table.cpp src/main.cpp
#  Implicit rule search has not been done.
#  Implicit/static pattern stem: `'
#  Last modified 2021-08-02 21:50:29
#  File has been updated.
#  Needs to be updated (-q is set).
# automatic
# @ := bin/main
# automatic
# % := 
# automatic
# * := 
# automatic
# + := src/BDD/bddObj.cpp src/BDD/bddToDot.cpp src/Concept_Graph/concept_graph.cpp src/Crossword_games/CSPify.cpp src/Crossword_games/arc_consistency.cpp src/Crossword_games/crossword_backtracking_tree.cpp src/Crossword_games/crossword_game_menu.cpp src/Crossword_games/crossword_generator.cpp src/Crossword_games/draw_crossword_graph.cpp src/Crossword_games/find_crossword_nodes.cpp src/Crossword_games/find_missing_arc.cpp src/Crossword_games/more_constraint_node.cpp src/Tree_games/dag_generator.cpp src/Tree_games/expression_evaluation.cpp src/Tree_games/fill_missing_operators.cpp src/Tree_games/make_tautology.cpp src/Tree_games/match_expression_with_node.cpp src/Tree_games/tree_game_menu.cpp src/Tree_games/write_expression.cpp src/Truth_table/truth_table.cpp src/main.cpp
# automatic
# | := 
# automatic
# < := src/BDD/bddObj.cpp
# automatic
# ^ := src/BDD/bddObj.cpp src/BDD/bddToDot.cpp src/Concept_Graph/concept_graph.cpp src/Crossword_games/CSPify.cpp src/Crossword_games/arc_consistency.cpp src/Crossword_games/crossword_backtracking_tree.cpp src/Crossword_games/crossword_game_menu.cpp src/Crossword_games/crossword_generator.cpp src/Crossword_games/draw_crossword_graph.cpp src/Crossword_games/find_crossword_nodes.cpp src/Crossword_games/find_missing_arc.cpp src/Crossword_games/more_constraint_node.cpp src/Tree_games/dag_generator.cpp src/Tree_games/expression_evaluation.cpp src/Tree_games/fill_missing_operators.cpp src/Tree_games/make_tautology.cpp src/Tree_games/match_expression_with_node.cpp src/Tree_games/tree_game_menu.cpp src/Tree_games/write_expression.cpp src/Truth_table/truth_table.cpp src/main.cpp
# automatic
# ? := src/Crossword_games/crossword_generator.cpp src/Tree_games/dag_generator.cpp
# variable set hash-table stats:
# Load=8/32=25%, Rehash=0, Collisions=2/16=12%
#  commands to execute (from `Makefile', line 19):
	$(CXX) $(CXX_FLAGS) -I$(INCLUDE) $^ -o $@ $(LIBRARIES)
	

# Not a target:
src/Crossword_games/draw_crossword_graph.cpp:
#  Implicit rule search has been done.
#  Last modified 2021-07-26 11:32:45
#  File has been updated.
#  Successfully updated.
# variable set hash-table stats:
# Load=0/32=0%, Rehash=0, Collisions=0/0=0%

# Not a target:
src/Crossword_games/find_missing_arc.cpp:
#  Implicit rule search has been done.
#  Last modified 2021-07-26 11:36:17
#  File has been updated.
#  Successfully updated.
# variable set hash-table stats:
# Load=0/32=0%, Rehash=0, Collisions=0/0=0%

# Not a target:
src/BDD/bddObj.cpp:
#  Implicit rule search has been done.
#  Last modified 2021-07-04 09:56:54
#  File has been updated.
#  Successfully updated.
# variable set hash-table stats:
# Load=0/32=0%, Rehash=0, Collisions=0/0=0%

# Not a target:
src/Truth_table/truth_table.cpp:
#  Implicit rule search has been done.
#  Last modified 2021-07-29 16:25:11
#  File has been updated.
#  Successfully updated.
# variable set hash-table stats:
# Load=0/32=0%, Rehash=0, Collisions=0/0=0%

# files hash-table stats:
# Load=28/1024=3%, Rehash=0, Collisions=3/65=5%
# VPATH Search Paths

# No `vpath' search paths.

# No general (`VPATH' variable) search path.

# # of strings in strcache: 1
# # of strcache buffers: 1
# strcache size: total = 4096 / max = 4096 / min = 4096 / avg = 4096
# strcache free: total = 4087 / max = 4087 / min = 4087 / avg = 4087

# Finished Make data base on Tue Aug  3 12:05:33 2021

 
